[2019-03-21 08:26:30] php.DEBUG: Notice: Undefined index: enabled {"exception":"[object] (Symfony\\Component\\Debug\\Exception\\SilencedErrorContext: {\"severity\":8,\"file\":\"/var/www/html/vendor/pimcore/pimcore/bundles/EcommerceFrameworkBundle/DependencyInjection/Configuration.php\",\"line\":423,\"trace\":[{\"file\":\"/var/www/html/vendor/symfony/symfony/src/Symfony/Component/Config/Definition/Builder/ExprBuilder.php\",\"line\":241,\"function\":\"Pimcore\\\\Bundle\\\\EcommerceFrameworkBundle\\\\DependencyInjection\\\\{closure}\",\"class\":\"Pimcore\\\\Bundle\\\\EcommerceFrameworkBundle\\\\DependencyInjection\\\\Configuration\",\"type\":\"->\"}],\"count\":1})"} []
[2019-03-21 08:26:41] app.INFO: Importing DB file /var/www/html/dump/data-0-bootstrap.sql {"dbFile":"/var/www/html/dump/data-0-bootstrap.sql"} []
[2019-03-21 08:27:08] app.INFO: Importing DB file /var/www/html/dump/data-1-assets.sql {"dbFile":"/var/www/html/dump/data-1-assets.sql"} []
[2019-03-21 08:27:20] app.INFO: Importing DB file /var/www/html/dump/data-1-assets_metadata.sql {"dbFile":"/var/www/html/dump/data-1-assets_metadata.sql"} []
[2019-03-21 08:27:20] app.INFO: Importing DB file /var/www/html/dump/data-1-bundle_advancedobjectsearch_savedsearch.sql {"dbFile":"/var/www/html/dump/data-1-bundle_advancedobjectsearch_savedsearch.sql"} []
[2019-03-21 08:27:20] app.INFO: Importing DB file /var/www/html/dump/data-1-bundle_advancedobjectsearch_update_queue.sql {"dbFile":"/var/www/html/dump/data-1-bundle_advancedobjectsearch_update_queue.sql"} []
[2019-03-21 08:27:41] app.INFO: Importing DB file /var/www/html/dump/data-1-bundle_outputdataconfigtoolkit_outputdefinition.sql {"dbFile":"/var/www/html/dump/data-1-bundle_outputdataconfigtoolkit_outputdefinition.sql"} []
[2019-03-21 08:27:41] app.INFO: Importing DB file /var/www/html/dump/data-1-bundle_web2print_favorite_outputdefinitions.sql {"dbFile":"/var/www/html/dump/data-1-bundle_web2print_favorite_outputdefinitions.sql"} []
[2019-03-21 08:27:41] app.INFO: Importing DB file /var/www/html/dump/data-1-classificationstore_collectionrelations.sql {"dbFile":"/var/www/html/dump/data-1-classificationstore_collectionrelations.sql"} []
[2019-03-21 08:27:41] app.INFO: Importing DB file /var/www/html/dump/data-1-classificationstore_collections.sql {"dbFile":"/var/www/html/dump/data-1-classificationstore_collections.sql"} []
[2019-03-21 08:27:41] app.INFO: Importing DB file /var/www/html/dump/data-1-classificationstore_groups.sql {"dbFile":"/var/www/html/dump/data-1-classificationstore_groups.sql"} []
[2019-03-21 08:27:41] app.INFO: Importing DB file /var/www/html/dump/data-1-classificationstore_keys.sql {"dbFile":"/var/www/html/dump/data-1-classificationstore_keys.sql"} []
[2019-03-21 08:27:41] app.INFO: Importing DB file /var/www/html/dump/data-1-classificationstore_relations.sql {"dbFile":"/var/www/html/dump/data-1-classificationstore_relations.sql"} []
[2019-03-21 08:27:41] app.INFO: Importing DB file /var/www/html/dump/data-1-classificationstore_stores.sql {"dbFile":"/var/www/html/dump/data-1-classificationstore_stores.sql"} []
[2019-03-21 08:27:41] app.INFO: Importing DB file /var/www/html/dump/data-1-custom_layouts.sql {"dbFile":"/var/www/html/dump/data-1-custom_layouts.sql"} []
[2019-03-21 08:27:41] app.INFO: Importing DB file /var/www/html/dump/data-1-dependencies.sql {"dbFile":"/var/www/html/dump/data-1-dependencies.sql"} []
[2019-03-21 08:28:52] app.INFO: Importing DB file /var/www/html/dump/data-1-documents.sql {"dbFile":"/var/www/html/dump/data-1-documents.sql"} []
[2019-03-21 08:28:52] app.INFO: Importing DB file /var/www/html/dump/data-1-documents_elements.sql {"dbFile":"/var/www/html/dump/data-1-documents_elements.sql"} []
[2019-03-21 08:28:57] app.INFO: Importing DB file /var/www/html/dump/data-1-documents_email.sql {"dbFile":"/var/www/html/dump/data-1-documents_email.sql"} []
[2019-03-21 08:28:57] app.INFO: Importing DB file /var/www/html/dump/data-1-documents_hardlink.sql {"dbFile":"/var/www/html/dump/data-1-documents_hardlink.sql"} []
[2019-03-21 08:28:57] app.INFO: Importing DB file /var/www/html/dump/data-1-documents_link.sql {"dbFile":"/var/www/html/dump/data-1-documents_link.sql"} []
[2019-03-21 08:28:57] app.INFO: Importing DB file /var/www/html/dump/data-1-documents_newsletter.sql {"dbFile":"/var/www/html/dump/data-1-documents_newsletter.sql"} []
[2019-03-21 08:28:57] app.INFO: Importing DB file /var/www/html/dump/data-1-documents_page.sql {"dbFile":"/var/www/html/dump/data-1-documents_page.sql"} []
[2019-03-21 08:28:57] app.INFO: Importing DB file /var/www/html/dump/data-1-documents_printpage.sql {"dbFile":"/var/www/html/dump/data-1-documents_printpage.sql"} []
[2019-03-21 08:28:57] app.INFO: Importing DB file /var/www/html/dump/data-1-documents_snippet.sql {"dbFile":"/var/www/html/dump/data-1-documents_snippet.sql"} []
[2019-03-21 08:28:57] app.INFO: Importing DB file /var/www/html/dump/data-1-documents_translations.sql {"dbFile":"/var/www/html/dump/data-1-documents_translations.sql"} []
[2019-03-21 08:28:57] app.INFO: Importing DB file /var/www/html/dump/data-1-ecommerceframework_cart.sql {"dbFile":"/var/www/html/dump/data-1-ecommerceframework_cart.sql"} []
[2019-03-21 08:28:57] app.INFO: Importing DB file /var/www/html/dump/data-1-ecommerceframework_cartcheckoutdata.sql {"dbFile":"/var/www/html/dump/data-1-ecommerceframework_cartcheckoutdata.sql"} []
[2019-03-21 08:28:58] app.INFO: Importing DB file /var/www/html/dump/data-1-ecommerceframework_cartitem.sql {"dbFile":"/var/www/html/dump/data-1-ecommerceframework_cartitem.sql"} []
[2019-03-21 08:28:58] app.INFO: Importing DB file /var/www/html/dump/data-1-ecommerceframework_optimized_productindex.sql {"dbFile":"/var/www/html/dump/data-1-ecommerceframework_optimized_productindex.sql"} []
[2019-03-21 08:28:59] app.INFO: Importing DB file /var/www/html/dump/data-1-ecommerceframework_optimized_productindex_relations.sql {"dbFile":"/var/www/html/dump/data-1-ecommerceframework_optimized_productindex_relations.sql"} []
[2019-03-21 08:33:33] app.INFO: Importing DB file /var/www/html/dump/data-1-ecommerceframework_pricing_rule.sql {"dbFile":"/var/www/html/dump/data-1-ecommerceframework_pricing_rule.sql"} []
[2019-03-21 08:33:33] app.INFO: Importing DB file /var/www/html/dump/data-1-ecommerceframework_productindex.sql {"dbFile":"/var/www/html/dump/data-1-ecommerceframework_productindex.sql"} []
[2019-03-21 08:33:34] app.INFO: Importing DB file /var/www/html/dump/data-1-ecommerceframework_productindex_relations.sql {"dbFile":"/var/www/html/dump/data-1-ecommerceframework_productindex_relations.sql"} []
[2019-03-21 08:36:03] app.INFO: Importing DB file /var/www/html/dump/data-1-ecommerceframework_productindex_store.sql {"dbFile":"/var/www/html/dump/data-1-ecommerceframework_productindex_store.sql"} []
[2019-03-21 08:36:48] app.INFO: Importing DB file /var/www/html/dump/data-1-ecommerceframework_vouchertoolkit_reservations.sql {"dbFile":"/var/www/html/dump/data-1-ecommerceframework_vouchertoolkit_reservations.sql"} []
[2019-03-21 08:36:48] app.INFO: Importing DB file /var/www/html/dump/data-1-ecommerceframework_vouchertoolkit_statistics.sql {"dbFile":"/var/www/html/dump/data-1-ecommerceframework_vouchertoolkit_statistics.sql"} []
[2019-03-21 08:36:48] app.INFO: Importing DB file /var/www/html/dump/data-1-ecommerceframework_vouchertoolkit_tokens.sql {"dbFile":"/var/www/html/dump/data-1-ecommerceframework_vouchertoolkit_tokens.sql"} []
[2019-03-21 08:51:25] app.INFO: Importing DB file /var/www/html/dump/data-1-element_workflow_state.sql {"dbFile":"/var/www/html/dump/data-1-element_workflow_state.sql"} []
[2019-03-21 08:51:41] app.INFO: Importing DB file /var/www/html/dump/data-1-email_blacklist.sql {"dbFile":"/var/www/html/dump/data-1-email_blacklist.sql"} []
[2019-03-21 08:51:41] app.INFO: Importing DB file /var/www/html/dump/data-1-glossary.sql {"dbFile":"/var/www/html/dump/data-1-glossary.sql"} []
[2019-03-21 08:51:41] app.INFO: Importing DB file /var/www/html/dump/data-1-gridconfig_favourites.sql {"dbFile":"/var/www/html/dump/data-1-gridconfig_favourites.sql"} []
[2019-03-21 08:51:41] app.INFO: Importing DB file /var/www/html/dump/data-1-gridconfig_shares.sql {"dbFile":"/var/www/html/dump/data-1-gridconfig_shares.sql"} []
[2019-03-21 08:51:41] app.INFO: Importing DB file /var/www/html/dump/data-1-gridconfigs.sql {"dbFile":"/var/www/html/dump/data-1-gridconfigs.sql"} []
[2019-03-21 08:51:41] app.INFO: Importing DB file /var/www/html/dump/data-1-importconfig_shares.sql {"dbFile":"/var/www/html/dump/data-1-importconfig_shares.sql"} []
[2019-03-21 08:51:41] app.INFO: Importing DB file /var/www/html/dump/data-1-importconfigs.sql {"dbFile":"/var/www/html/dump/data-1-importconfigs.sql"} []
[2019-03-21 08:51:41] app.INFO: Importing DB file /var/www/html/dump/data-1-notes.sql {"dbFile":"/var/www/html/dump/data-1-notes.sql"} []
[2019-03-21 08:51:42] app.INFO: Importing DB file /var/www/html/dump/data-1-notes_data.sql {"dbFile":"/var/www/html/dump/data-1-notes_data.sql"} []
[2019-03-21 08:51:43] app.INFO: Importing DB file /var/www/html/dump/data-1-object_brick_query_OAuth1Token_38.sql {"dbFile":"/var/www/html/dump/data-1-object_brick_query_OAuth1Token_38.sql"} []
[2019-03-21 08:51:43] app.INFO: Importing DB file /var/www/html/dump/data-1-object_brick_query_OAuth2Token_38.sql {"dbFile":"/var/www/html/dump/data-1-object_brick_query_OAuth2Token_38.sql"} []
[2019-03-21 08:51:43] app.INFO: Importing DB file /var/www/html/dump/data-1-object_brick_query_PaymentProviderDatatrans_9.sql {"dbFile":"/var/www/html/dump/data-1-object_brick_query_PaymentProviderDatatrans_9.sql"} []
[2019-03-21 08:51:43] app.INFO: Importing DB file /var/www/html/dump/data-1-object_brick_query_PaymentProviderMpay24_9.sql {"dbFile":"/var/www/html/dump/data-1-object_brick_query_PaymentProviderMpay24_9.sql"} []
[2019-03-21 08:51:43] app.INFO: Importing DB file /var/www/html/dump/data-1-object_brick_query_PaymentProviderOGone_9.sql {"dbFile":"/var/www/html/dump/data-1-object_brick_query_PaymentProviderOGone_9.sql"} []
[2019-03-21 08:51:43] app.INFO: Importing DB file /var/www/html/dump/data-1-object_brick_query_PaymentProviderPayPal_9.sql {"dbFile":"/var/www/html/dump/data-1-object_brick_query_PaymentProviderPayPal_9.sql"} []
[2019-03-21 08:51:43] app.INFO: Importing DB file /var/www/html/dump/data-1-object_brick_query_PaymentProviderQpay_9.sql {"dbFile":"/var/www/html/dump/data-1-object_brick_query_PaymentProviderQpay_9.sql"} []
[2019-03-21 08:51:44] app.INFO: Importing DB file /var/www/html/dump/data-1-object_brick_query_PaymentProviderWirecardSeamless_9.sql {"dbFile":"/var/www/html/dump/data-1-object_brick_query_PaymentProviderWirecardSeamless_9.sql"} []
[2019-03-21 08:51:44] app.INFO: Importing DB file /var/www/html/dump/data-1-object_brick_query_apparel_12.sql {"dbFile":"/var/www/html/dump/data-1-object_brick_query_apparel_12.sql"} []
[2019-03-21 08:51:49] app.INFO: Importing DB file /var/www/html/dump/data-1-object_brick_query_approvals_12.sql {"dbFile":"/var/www/html/dump/data-1-object_brick_query_approvals_12.sql"} []
[2019-03-21 08:51:49] app.INFO: Importing DB file /var/www/html/dump/data-1-object_brick_query_featuresBenefitsBackpacks_12.sql {"dbFile":"/var/www/html/dump/data-1-object_brick_query_featuresBenefitsBackpacks_12.sql"} []
[2019-03-21 08:51:49] app.INFO: Importing DB file /var/www/html/dump/data-1-object_brick_query_featuresBenefitsMats_12.sql {"dbFile":"/var/www/html/dump/data-1-object_brick_query_featuresBenefitsMats_12.sql"} []
[2019-03-21 08:51:49] app.INFO: Importing DB file /var/www/html/dump/data-1-object_brick_query_featuresBenefitsShoes_12.sql {"dbFile":"/var/www/html/dump/data-1-object_brick_query_featuresBenefitsShoes_12.sql"} []
[2019-03-21 08:51:50] app.INFO: Importing DB file /var/www/html/dump/data-1-object_brick_query_featuresBenefitsSleepingbags_12.sql {"dbFile":"/var/www/html/dump/data-1-object_brick_query_featuresBenefitsSleepingbags_12.sql"} []
[2019-03-21 08:51:50] app.INFO: Importing DB file /var/www/html/dump/data-1-object_brick_query_featuresBenefitsTents_12.sql {"dbFile":"/var/www/html/dump/data-1-object_brick_query_featuresBenefitsTents_12.sql"} []
[2019-03-21 08:51:50] app.INFO: Importing DB file /var/www/html/dump/data-1-object_brick_query_featuresHeadlamps_12.sql {"dbFile":"/var/www/html/dump/data-1-object_brick_query_featuresHeadlamps_12.sql"} []
[2019-03-21 08:51:50] app.INFO: Importing DB file /var/www/html/dump/data-1-object_brick_query_matsSpecs_12.sql {"dbFile":"/var/www/html/dump/data-1-object_brick_query_matsSpecs_12.sql"} []
[2019-03-21 08:51:51] app.INFO: Importing DB file /var/www/html/dump/data-1-object_brick_query_outdoor_12.sql {"dbFile":"/var/www/html/dump/data-1-object_brick_query_outdoor_12.sql"} []
[2019-03-21 08:51:57] app.INFO: Importing DB file /var/www/html/dump/data-1-object_brick_query_rucksackSpecs_12.sql {"dbFile":"/var/www/html/dump/data-1-object_brick_query_rucksackSpecs_12.sql"} []
[2019-03-21 08:52:01] app.INFO: Importing DB file /var/www/html/dump/data-1-object_brick_query_shoeDetails_12.sql {"dbFile":"/var/www/html/dump/data-1-object_brick_query_shoeDetails_12.sql"} []
[2019-03-21 08:52:03] app.INFO: Importing DB file /var/www/html/dump/data-1-object_brick_query_shoe_12.sql {"dbFile":"/var/www/html/dump/data-1-object_brick_query_shoe_12.sql"} []
[2019-03-21 08:52:07] app.INFO: Importing DB file /var/www/html/dump/data-1-object_brick_query_snowsport_12.sql {"dbFile":"/var/www/html/dump/data-1-object_brick_query_snowsport_12.sql"} []
[2019-03-21 08:52:11] app.INFO: Importing DB file /var/www/html/dump/data-1-object_brick_query_specsSleepingbags_12.sql {"dbFile":"/var/www/html/dump/data-1-object_brick_query_specsSleepingbags_12.sql"} []
[2019-03-21 08:52:13] app.INFO: Importing DB file /var/www/html/dump/data-1-object_brick_query_tentGroundsheet_12.sql {"dbFile":"/var/www/html/dump/data-1-object_brick_query_tentGroundsheet_12.sql"} []
[2019-03-21 08:52:13] app.INFO: Importing DB file /var/www/html/dump/data-1-object_brick_query_tentSpecifications_12.sql {"dbFile":"/var/www/html/dump/data-1-object_brick_query_tentSpecifications_12.sql"} []
[2019-03-21 08:52:14] app.INFO: Importing DB file /var/www/html/dump/data-1-object_brick_query_weight_12.sql {"dbFile":"/var/www/html/dump/data-1-object_brick_query_weight_12.sql"} []
[2019-03-21 08:52:14] app.INFO: Importing DB file /var/www/html/dump/data-1-object_brick_store_OAuth1Token_38.sql {"dbFile":"/var/www/html/dump/data-1-object_brick_store_OAuth1Token_38.sql"} []
[2019-03-21 08:52:14] app.INFO: Importing DB file /var/www/html/dump/data-1-object_brick_store_OAuth2Token_38.sql {"dbFile":"/var/www/html/dump/data-1-object_brick_store_OAuth2Token_38.sql"} []
[2019-03-21 08:52:14] app.INFO: Importing DB file /var/www/html/dump/data-1-object_brick_store_PaymentProviderDatatrans_9.sql {"dbFile":"/var/www/html/dump/data-1-object_brick_store_PaymentProviderDatatrans_9.sql"} []
[2019-03-21 08:52:14] app.INFO: Importing DB file /var/www/html/dump/data-1-object_brick_store_PaymentProviderMpay24_9.sql {"dbFile":"/var/www/html/dump/data-1-object_brick_store_PaymentProviderMpay24_9.sql"} []
[2019-03-21 08:52:14] app.INFO: Importing DB file /var/www/html/dump/data-1-object_brick_store_PaymentProviderOGone_9.sql {"dbFile":"/var/www/html/dump/data-1-object_brick_store_PaymentProviderOGone_9.sql"} []
[2019-03-21 08:52:14] app.INFO: Importing DB file /var/www/html/dump/data-1-object_brick_store_PaymentProviderPayPal_9.sql {"dbFile":"/var/www/html/dump/data-1-object_brick_store_PaymentProviderPayPal_9.sql"} []
[2019-03-21 08:52:14] app.INFO: Importing DB file /var/www/html/dump/data-1-object_brick_store_PaymentProviderQpay_9.sql {"dbFile":"/var/www/html/dump/data-1-object_brick_store_PaymentProviderQpay_9.sql"} []
[2019-03-21 08:52:15] app.INFO: Importing DB file /var/www/html/dump/data-1-object_brick_store_PaymentProviderWirecardSeamless_9.sql {"dbFile":"/var/www/html/dump/data-1-object_brick_store_PaymentProviderWirecardSeamless_9.sql"} []
[2019-03-21 08:52:15] app.INFO: Importing DB file /var/www/html/dump/data-1-object_brick_store_apparel_12.sql {"dbFile":"/var/www/html/dump/data-1-object_brick_store_apparel_12.sql"} []
[2019-03-21 08:52:20] app.INFO: Importing DB file /var/www/html/dump/data-1-object_brick_store_approvals_12.sql {"dbFile":"/var/www/html/dump/data-1-object_brick_store_approvals_12.sql"} []
[2019-03-21 08:52:20] app.INFO: Importing DB file /var/www/html/dump/data-1-object_brick_store_featuresBenefitsBackpacks_12.sql {"dbFile":"/var/www/html/dump/data-1-object_brick_store_featuresBenefitsBackpacks_12.sql"} []
[2019-03-21 08:52:20] app.INFO: Importing DB file /var/www/html/dump/data-1-object_brick_store_featuresBenefitsMats_12.sql {"dbFile":"/var/www/html/dump/data-1-object_brick_store_featuresBenefitsMats_12.sql"} []
[2019-03-21 08:52:21] app.INFO: Importing DB file /var/www/html/dump/data-1-object_brick_store_featuresBenefitsShoes_12.sql {"dbFile":"/var/www/html/dump/data-1-object_brick_store_featuresBenefitsShoes_12.sql"} []
[2019-03-21 08:52:21] app.INFO: Importing DB file /var/www/html/dump/data-1-object_brick_store_featuresBenefitsSleepingbags_12.sql {"dbFile":"/var/www/html/dump/data-1-object_brick_store_featuresBenefitsSleepingbags_12.sql"} []
[2019-03-21 08:52:21] app.INFO: Importing DB file /var/www/html/dump/data-1-object_brick_store_featuresBenefitsTents_12.sql {"dbFile":"/var/www/html/dump/data-1-object_brick_store_featuresBenefitsTents_12.sql"} []
[2019-03-21 08:52:21] app.INFO: Importing DB file /var/www/html/dump/data-1-object_brick_store_featuresHeadlamps_12.sql {"dbFile":"/var/www/html/dump/data-1-object_brick_store_featuresHeadlamps_12.sql"} []
[2019-03-21 08:52:22] app.INFO: Importing DB file /var/www/html/dump/data-1-object_brick_store_matsSpecs_12.sql {"dbFile":"/var/www/html/dump/data-1-object_brick_store_matsSpecs_12.sql"} []
[2019-03-21 08:52:22] app.INFO: Importing DB file /var/www/html/dump/data-1-object_brick_store_outdoor_12.sql {"dbFile":"/var/www/html/dump/data-1-object_brick_store_outdoor_12.sql"} []
[2019-03-21 08:52:29] app.INFO: Importing DB file /var/www/html/dump/data-1-object_brick_store_rucksackSpecs_12.sql {"dbFile":"/var/www/html/dump/data-1-object_brick_store_rucksackSpecs_12.sql"} []
[2019-03-21 08:52:32] app.INFO: Importing DB file /var/www/html/dump/data-1-object_brick_store_shoeDetails_12.sql {"dbFile":"/var/www/html/dump/data-1-object_brick_store_shoeDetails_12.sql"} []
[2019-03-21 08:52:34] app.INFO: Importing DB file /var/www/html/dump/data-1-object_brick_store_shoe_12.sql {"dbFile":"/var/www/html/dump/data-1-object_brick_store_shoe_12.sql"} []
[2019-03-21 08:52:38] app.INFO: Importing DB file /var/www/html/dump/data-1-object_brick_store_snowsport_12.sql {"dbFile":"/var/www/html/dump/data-1-object_brick_store_snowsport_12.sql"} []
[2019-03-21 08:52:42] app.INFO: Importing DB file /var/www/html/dump/data-1-object_brick_store_specsSleepingbags_12.sql {"dbFile":"/var/www/html/dump/data-1-object_brick_store_specsSleepingbags_12.sql"} []
[2019-03-21 08:52:44] app.INFO: Importing DB file /var/www/html/dump/data-1-object_brick_store_tentGroundsheet_12.sql {"dbFile":"/var/www/html/dump/data-1-object_brick_store_tentGroundsheet_12.sql"} []
[2019-03-21 08:52:44] app.INFO: Importing DB file /var/www/html/dump/data-1-object_brick_store_tentSpecifications_12.sql {"dbFile":"/var/www/html/dump/data-1-object_brick_store_tentSpecifications_12.sql"} []
[2019-03-21 08:52:45] app.INFO: Importing DB file /var/www/html/dump/data-1-object_brick_store_weight_12.sql {"dbFile":"/var/www/html/dump/data-1-object_brick_store_weight_12.sql"} []
[2019-03-21 08:52:45] app.INFO: Importing DB file /var/www/html/dump/data-1-object_collection_FilterCategory_7.sql {"dbFile":"/var/www/html/dump/data-1-object_collection_FilterCategory_7.sql"} []
[2019-03-21 08:52:45] app.INFO: Importing DB file /var/www/html/dump/data-1-object_collection_FilterMultiRelation_7.sql {"dbFile":"/var/www/html/dump/data-1-object_collection_FilterMultiRelation_7.sql"} []
[2019-03-21 08:52:45] app.INFO: Importing DB file /var/www/html/dump/data-1-object_collection_FilterMultiSelectFromMultiSelect_7.sql {"dbFile":"/var/www/html/dump/data-1-object_collection_FilterMultiSelectFromMultiSelect_7.sql"} []
[2019-03-21 08:52:45] app.INFO: Importing DB file /var/www/html/dump/data-1-object_collection_FilterMultiSelect_7.sql {"dbFile":"/var/www/html/dump/data-1-object_collection_FilterMultiSelect_7.sql"} []
[2019-03-21 08:52:45] app.INFO: Importing DB file /var/www/html/dump/data-1-object_collection_FilterNumberRangeSelection_7.sql {"dbFile":"/var/www/html/dump/data-1-object_collection_FilterNumberRangeSelection_7.sql"} []
[2019-03-21 08:52:45] app.INFO: Importing DB file /var/www/html/dump/data-1-object_collection_FilterNumberRange_7.sql {"dbFile":"/var/www/html/dump/data-1-object_collection_FilterNumberRange_7.sql"} []
[2019-03-21 08:52:45] app.INFO: Importing DB file /var/www/html/dump/data-1-object_collection_FilterRelation_7.sql {"dbFile":"/var/www/html/dump/data-1-object_collection_FilterRelation_7.sql"} []
[2019-03-21 08:52:45] app.INFO: Importing DB file /var/www/html/dump/data-1-object_collection_FilterSelectFromMultiSelect_7.sql {"dbFile":"/var/www/html/dump/data-1-object_collection_FilterSelectFromMultiSelect_7.sql"} []
[2019-03-21 08:52:46] app.INFO: Importing DB file /var/www/html/dump/data-1-object_collection_FilterSelect_7.sql {"dbFile":"/var/www/html/dump/data-1-object_collection_FilterSelect_7.sql"} []
[2019-03-21 08:52:46] app.INFO: Importing DB file /var/www/html/dump/data-1-object_collection_OrderByFields_7.sql {"dbFile":"/var/www/html/dump/data-1-object_collection_OrderByFields_7.sql"} []
[2019-03-21 08:52:46] app.INFO: Importing DB file /var/www/html/dump/data-1-object_collection_OrderPriceModifications_9.sql {"dbFile":"/var/www/html/dump/data-1-object_collection_OrderPriceModifications_9.sql"} []
[2019-03-21 08:52:46] app.INFO: Importing DB file /var/www/html/dump/data-1-object_collection_PaymentInfo_9.sql {"dbFile":"/var/www/html/dump/data-1-object_collection_PaymentInfo_9.sql"} []
[2019-03-21 08:52:47] app.INFO: Importing DB file /var/www/html/dump/data-1-object_collection_PricingRule_8.sql {"dbFile":"/var/www/html/dump/data-1-object_collection_PricingRule_8.sql"} []
[2019-03-21 08:52:48] app.INFO: Importing DB file /var/www/html/dump/data-1-object_collection_SimilarityField_7.sql {"dbFile":"/var/www/html/dump/data-1-object_collection_SimilarityField_7.sql"} []
[2019-03-21 08:52:48] app.INFO: Importing DB file /var/www/html/dump/data-1-object_collection_TaxEntry_35.sql {"dbFile":"/var/www/html/dump/data-1-object_collection_TaxEntry_35.sql"} []
[2019-03-21 08:52:48] app.INFO: Importing DB file /var/www/html/dump/data-1-object_collection_TaxEntry_localized_35.sql {"dbFile":"/var/www/html/dump/data-1-object_collection_TaxEntry_localized_35.sql"} []
[2019-03-21 08:52:48] app.INFO: Importing DB file /var/www/html/dump/data-1-object_collection_VoucherTokenTypePattern_33.sql {"dbFile":"/var/www/html/dump/data-1-object_collection_VoucherTokenTypePattern_33.sql"} []
[2019-03-21 08:52:48] app.INFO: Importing DB file /var/www/html/dump/data-1-object_collection_VoucherTokenTypeSingle_33.sql {"dbFile":"/var/www/html/dump/data-1-object_collection_VoucherTokenTypeSingle_33.sql"} []
[2019-03-21 08:52:48] app.INFO: Importing DB file /var/www/html/dump/data-1-object_collection_productImages_12.sql {"dbFile":"/var/www/html/dump/data-1-object_collection_productImages_12.sql"} []
[2019-03-21 08:53:09] app.INFO: Importing DB file /var/www/html/dump/data-1-object_localized_data_12.sql {"dbFile":"/var/www/html/dump/data-1-object_localized_data_12.sql"} []
[2019-03-21 08:55:45] app.INFO: Importing DB file /var/www/html/dump/data-1-object_localized_data_14.sql {"dbFile":"/var/www/html/dump/data-1-object_localized_data_14.sql"} []
[2019-03-21 08:55:46] app.INFO: Importing DB file /var/www/html/dump/data-1-object_localized_data_15.sql {"dbFile":"/var/www/html/dump/data-1-object_localized_data_15.sql"} []
[2019-03-21 08:55:46] app.INFO: Importing DB file /var/www/html/dump/data-1-object_localized_data_16.sql {"dbFile":"/var/www/html/dump/data-1-object_localized_data_16.sql"} []
[2019-03-21 08:55:47] app.INFO: Importing DB file /var/www/html/dump/data-1-object_localized_data_23.sql {"dbFile":"/var/www/html/dump/data-1-object_localized_data_23.sql"} []
[2019-03-21 08:55:48] app.INFO: Importing DB file /var/www/html/dump/data-1-object_localized_data_35.sql {"dbFile":"/var/www/html/dump/data-1-object_localized_data_35.sql"} []
[2019-03-21 08:55:48] app.INFO: Importing DB file /var/www/html/dump/data-1-object_localized_query_12_de_AT.sql {"dbFile":"/var/www/html/dump/data-1-object_localized_query_12_de_AT.sql"} []
[2019-03-21 08:56:41] app.INFO: Importing DB file /var/www/html/dump/data-1-object_localized_query_12_en_GB.sql {"dbFile":"/var/www/html/dump/data-1-object_localized_query_12_en_GB.sql"} []
[2019-03-21 08:57:34] app.INFO: Importing DB file /var/www/html/dump/data-1-object_localized_query_12_fr_FR.sql {"dbFile":"/var/www/html/dump/data-1-object_localized_query_12_fr_FR.sql"} []
[2019-03-21 08:58:27] app.INFO: Importing DB file /var/www/html/dump/data-1-object_localized_query_14_de_AT.sql {"dbFile":"/var/www/html/dump/data-1-object_localized_query_14_de_AT.sql"} []
[2019-03-21 08:58:27] app.INFO: Importing DB file /var/www/html/dump/data-1-object_localized_query_14_en_GB.sql {"dbFile":"/var/www/html/dump/data-1-object_localized_query_14_en_GB.sql"} []
[2019-03-21 08:58:28] app.INFO: Importing DB file /var/www/html/dump/data-1-object_localized_query_14_fr_FR.sql {"dbFile":"/var/www/html/dump/data-1-object_localized_query_14_fr_FR.sql"} []
[2019-03-21 08:58:28] app.INFO: Importing DB file /var/www/html/dump/data-1-object_localized_query_15_de_AT.sql {"dbFile":"/var/www/html/dump/data-1-object_localized_query_15_de_AT.sql"} []
[2019-03-21 08:58:28] app.INFO: Importing DB file /var/www/html/dump/data-1-object_localized_query_15_en_GB.sql {"dbFile":"/var/www/html/dump/data-1-object_localized_query_15_en_GB.sql"} []
[2019-03-21 08:58:28] app.INFO: Importing DB file /var/www/html/dump/data-1-object_localized_query_15_fr_FR.sql {"dbFile":"/var/www/html/dump/data-1-object_localized_query_15_fr_FR.sql"} []
[2019-03-21 08:58:28] app.INFO: Importing DB file /var/www/html/dump/data-1-object_localized_query_16_de_AT.sql {"dbFile":"/var/www/html/dump/data-1-object_localized_query_16_de_AT.sql"} []
[2019-03-21 08:58:29] app.INFO: Importing DB file /var/www/html/dump/data-1-object_localized_query_16_en_GB.sql {"dbFile":"/var/www/html/dump/data-1-object_localized_query_16_en_GB.sql"} []
[2019-03-21 08:58:30] app.INFO: Importing DB file /var/www/html/dump/data-1-object_localized_query_16_fr_FR.sql {"dbFile":"/var/www/html/dump/data-1-object_localized_query_16_fr_FR.sql"} []
[2019-03-21 08:58:30] app.INFO: Importing DB file /var/www/html/dump/data-1-object_localized_query_23_de_AT.sql {"dbFile":"/var/www/html/dump/data-1-object_localized_query_23_de_AT.sql"} []
[2019-03-21 08:58:30] app.INFO: Importing DB file /var/www/html/dump/data-1-object_localized_query_23_en_GB.sql {"dbFile":"/var/www/html/dump/data-1-object_localized_query_23_en_GB.sql"} []
[2019-03-21 08:58:31] app.INFO: Importing DB file /var/www/html/dump/data-1-object_localized_query_23_fr_FR.sql {"dbFile":"/var/www/html/dump/data-1-object_localized_query_23_fr_FR.sql"} []
[2019-03-21 08:58:31] app.INFO: Importing DB file /var/www/html/dump/data-1-object_localized_query_35_de_AT.sql {"dbFile":"/var/www/html/dump/data-1-object_localized_query_35_de_AT.sql"} []
[2019-03-21 08:58:31] app.INFO: Importing DB file /var/www/html/dump/data-1-object_localized_query_35_en_GB.sql {"dbFile":"/var/www/html/dump/data-1-object_localized_query_35_en_GB.sql"} []
[2019-03-21 08:58:31] app.INFO: Importing DB file /var/www/html/dump/data-1-object_localized_query_35_fr_FR.sql {"dbFile":"/var/www/html/dump/data-1-object_localized_query_35_fr_FR.sql"} []
[2019-03-21 08:58:31] app.INFO: Importing DB file /var/www/html/dump/data-1-object_metadata_12.sql {"dbFile":"/var/www/html/dump/data-1-object_metadata_12.sql"} []
[2019-03-21 08:58:36] app.INFO: Importing DB file /var/www/html/dump/data-1-object_metadata_41.sql {"dbFile":"/var/www/html/dump/data-1-object_metadata_41.sql"} []
[2019-03-21 08:58:36] app.INFO: Importing DB file /var/www/html/dump/data-1-object_query_12.sql {"dbFile":"/var/www/html/dump/data-1-object_query_12.sql"} []
[2019-03-21 08:59:29] app.INFO: Importing DB file /var/www/html/dump/data-1-object_query_14.sql {"dbFile":"/var/www/html/dump/data-1-object_query_14.sql"} []
[2019-03-21 08:59:29] app.INFO: Importing DB file /var/www/html/dump/data-1-object_query_15.sql {"dbFile":"/var/www/html/dump/data-1-object_query_15.sql"} []
[2019-03-21 08:59:30] app.INFO: Importing DB file /var/www/html/dump/data-1-object_query_16.sql {"dbFile":"/var/www/html/dump/data-1-object_query_16.sql"} []
[2019-03-21 08:59:31] app.INFO: Importing DB file /var/www/html/dump/data-1-object_query_23.sql {"dbFile":"/var/www/html/dump/data-1-object_query_23.sql"} []
[2019-03-21 08:59:31] app.INFO: Importing DB file /var/www/html/dump/data-1-object_query_30.sql {"dbFile":"/var/www/html/dump/data-1-object_query_30.sql"} []
[2019-03-21 08:59:31] app.INFO: Importing DB file /var/www/html/dump/data-1-object_query_31.sql {"dbFile":"/var/www/html/dump/data-1-object_query_31.sql"} []
[2019-03-21 08:59:31] app.INFO: Importing DB file /var/www/html/dump/data-1-object_query_32.sql {"dbFile":"/var/www/html/dump/data-1-object_query_32.sql"} []
[2019-03-21 08:59:31] app.INFO: Importing DB file /var/www/html/dump/data-1-object_query_33.sql {"dbFile":"/var/www/html/dump/data-1-object_query_33.sql"} []
[2019-03-21 08:59:31] app.INFO: Importing DB file /var/www/html/dump/data-1-object_query_34.sql {"dbFile":"/var/www/html/dump/data-1-object_query_34.sql"} []
[2019-03-21 08:59:31] app.INFO: Importing DB file /var/www/html/dump/data-1-object_query_35.sql {"dbFile":"/var/www/html/dump/data-1-object_query_35.sql"} []
[2019-03-21 08:59:31] app.INFO: Importing DB file /var/www/html/dump/data-1-object_query_36.sql {"dbFile":"/var/www/html/dump/data-1-object_query_36.sql"} []
[2019-03-21 08:59:32] app.INFO: Importing DB file /var/www/html/dump/data-1-object_query_37.sql {"dbFile":"/var/www/html/dump/data-1-object_query_37.sql"} []
[2019-03-21 08:59:32] app.INFO: Importing DB file /var/www/html/dump/data-1-object_query_38.sql {"dbFile":"/var/www/html/dump/data-1-object_query_38.sql"} []
[2019-03-21 08:59:32] app.INFO: Importing DB file /var/www/html/dump/data-1-object_query_39.sql {"dbFile":"/var/www/html/dump/data-1-object_query_39.sql"} []
[2019-03-21 08:59:32] app.INFO: Importing DB file /var/www/html/dump/data-1-object_query_40.sql {"dbFile":"/var/www/html/dump/data-1-object_query_40.sql"} []
[2019-03-21 08:59:32] app.INFO: Importing DB file /var/www/html/dump/data-1-object_query_41.sql {"dbFile":"/var/www/html/dump/data-1-object_query_41.sql"} []
[2019-03-21 08:59:32] app.INFO: Importing DB file /var/www/html/dump/data-1-object_query_7.sql {"dbFile":"/var/www/html/dump/data-1-object_query_7.sql"} []
[2019-03-21 08:59:32] app.INFO: Importing DB file /var/www/html/dump/data-1-object_query_8.sql {"dbFile":"/var/www/html/dump/data-1-object_query_8.sql"} []
[2019-03-21 08:59:33] app.INFO: Importing DB file /var/www/html/dump/data-1-object_query_9.sql {"dbFile":"/var/www/html/dump/data-1-object_query_9.sql"} []
[2019-03-21 08:59:34] app.INFO: Importing DB file /var/www/html/dump/data-1-object_relations_12.sql {"dbFile":"/var/www/html/dump/data-1-object_relations_12.sql"} []
[2019-03-21 09:00:19] app.INFO: Importing DB file /var/www/html/dump/data-1-object_relations_14.sql {"dbFile":"/var/www/html/dump/data-1-object_relations_14.sql"} []
[2019-03-21 09:00:19] app.INFO: Importing DB file /var/www/html/dump/data-1-object_relations_15.sql {"dbFile":"/var/www/html/dump/data-1-object_relations_15.sql"} []
[2019-03-21 09:00:19] app.INFO: Importing DB file /var/www/html/dump/data-1-object_relations_16.sql {"dbFile":"/var/www/html/dump/data-1-object_relations_16.sql"} []
[2019-03-21 09:00:19] app.INFO: Importing DB file /var/www/html/dump/data-1-object_relations_23.sql {"dbFile":"/var/www/html/dump/data-1-object_relations_23.sql"} []
[2019-03-21 09:00:20] app.INFO: Importing DB file /var/www/html/dump/data-1-object_relations_30.sql {"dbFile":"/var/www/html/dump/data-1-object_relations_30.sql"} []
[2019-03-21 09:00:20] app.INFO: Importing DB file /var/www/html/dump/data-1-object_relations_31.sql {"dbFile":"/var/www/html/dump/data-1-object_relations_31.sql"} []
[2019-03-21 09:00:20] app.INFO: Importing DB file /var/www/html/dump/data-1-object_relations_32.sql {"dbFile":"/var/www/html/dump/data-1-object_relations_32.sql"} []
[2019-03-21 09:00:20] app.INFO: Importing DB file /var/www/html/dump/data-1-object_relations_33.sql {"dbFile":"/var/www/html/dump/data-1-object_relations_33.sql"} []
[2019-03-21 09:00:20] app.INFO: Importing DB file /var/www/html/dump/data-1-object_relations_34.sql {"dbFile":"/var/www/html/dump/data-1-object_relations_34.sql"} []
[2019-03-21 09:00:20] app.INFO: Importing DB file /var/www/html/dump/data-1-object_relations_35.sql {"dbFile":"/var/www/html/dump/data-1-object_relations_35.sql"} []
[2019-03-21 09:00:20] app.INFO: Importing DB file /var/www/html/dump/data-1-object_relations_36.sql {"dbFile":"/var/www/html/dump/data-1-object_relations_36.sql"} []
[2019-03-21 09:00:20] app.INFO: Importing DB file /var/www/html/dump/data-1-object_relations_37.sql {"dbFile":"/var/www/html/dump/data-1-object_relations_37.sql"} []
[2019-03-21 09:00:20] app.INFO: Importing DB file /var/www/html/dump/data-1-object_relations_38.sql {"dbFile":"/var/www/html/dump/data-1-object_relations_38.sql"} []
[2019-03-21 09:00:20] app.INFO: Importing DB file /var/www/html/dump/data-1-object_relations_39.sql {"dbFile":"/var/www/html/dump/data-1-object_relations_39.sql"} []
[2019-03-21 09:00:20] app.INFO: Importing DB file /var/www/html/dump/data-1-object_relations_40.sql {"dbFile":"/var/www/html/dump/data-1-object_relations_40.sql"} []
[2019-03-21 09:00:20] app.INFO: Importing DB file /var/www/html/dump/data-1-object_relations_41.sql {"dbFile":"/var/www/html/dump/data-1-object_relations_41.sql"} []
[2019-03-21 09:00:20] app.INFO: Importing DB file /var/www/html/dump/data-1-object_relations_7.sql {"dbFile":"/var/www/html/dump/data-1-object_relations_7.sql"} []
[2019-03-21 09:00:20] app.INFO: Importing DB file /var/www/html/dump/data-1-object_relations_8.sql {"dbFile":"/var/www/html/dump/data-1-object_relations_8.sql"} []
[2019-03-21 09:00:21] app.INFO: Importing DB file /var/www/html/dump/data-1-object_relations_9.sql {"dbFile":"/var/www/html/dump/data-1-object_relations_9.sql"} []
[2019-03-21 09:00:22] app.INFO: Importing DB file /var/www/html/dump/data-1-object_store_12.sql {"dbFile":"/var/www/html/dump/data-1-object_store_12.sql"} []
[2019-03-21 09:01:14] app.INFO: Importing DB file /var/www/html/dump/data-1-object_store_14.sql {"dbFile":"/var/www/html/dump/data-1-object_store_14.sql"} []
[2019-03-21 09:01:14] app.INFO: Importing DB file /var/www/html/dump/data-1-object_store_15.sql {"dbFile":"/var/www/html/dump/data-1-object_store_15.sql"} []
[2019-03-21 09:01:15] app.INFO: Importing DB file /var/www/html/dump/data-1-object_store_16.sql {"dbFile":"/var/www/html/dump/data-1-object_store_16.sql"} []
[2019-03-21 09:01:16] app.INFO: Importing DB file /var/www/html/dump/data-1-object_store_23.sql {"dbFile":"/var/www/html/dump/data-1-object_store_23.sql"} []
[2019-03-21 09:01:16] app.INFO: Importing DB file /var/www/html/dump/data-1-object_store_30.sql {"dbFile":"/var/www/html/dump/data-1-object_store_30.sql"} []
[2019-03-21 09:01:16] app.INFO: Importing DB file /var/www/html/dump/data-1-object_store_31.sql {"dbFile":"/var/www/html/dump/data-1-object_store_31.sql"} []
[2019-03-21 09:01:16] app.INFO: Importing DB file /var/www/html/dump/data-1-object_store_32.sql {"dbFile":"/var/www/html/dump/data-1-object_store_32.sql"} []
[2019-03-21 09:01:16] app.INFO: Importing DB file /var/www/html/dump/data-1-object_store_33.sql {"dbFile":"/var/www/html/dump/data-1-object_store_33.sql"} []
[2019-03-21 09:01:16] app.INFO: Importing DB file /var/www/html/dump/data-1-object_store_34.sql {"dbFile":"/var/www/html/dump/data-1-object_store_34.sql"} []
[2019-03-21 09:01:16] app.INFO: Importing DB file /var/www/html/dump/data-1-object_store_35.sql {"dbFile":"/var/www/html/dump/data-1-object_store_35.sql"} []
[2019-03-21 09:01:16] app.INFO: Importing DB file /var/www/html/dump/data-1-object_store_36.sql {"dbFile":"/var/www/html/dump/data-1-object_store_36.sql"} []
[2019-03-21 09:01:16] app.INFO: Importing DB file /var/www/html/dump/data-1-object_store_37.sql {"dbFile":"/var/www/html/dump/data-1-object_store_37.sql"} []
[2019-03-21 09:01:17] app.INFO: Importing DB file /var/www/html/dump/data-1-object_store_38.sql {"dbFile":"/var/www/html/dump/data-1-object_store_38.sql"} []
[2019-03-21 09:01:17] app.INFO: Importing DB file /var/www/html/dump/data-1-object_store_39.sql {"dbFile":"/var/www/html/dump/data-1-object_store_39.sql"} []
[2019-03-21 09:01:17] app.INFO: Importing DB file /var/www/html/dump/data-1-object_store_40.sql {"dbFile":"/var/www/html/dump/data-1-object_store_40.sql"} []
[2019-03-21 09:01:17] app.INFO: Importing DB file /var/www/html/dump/data-1-object_store_41.sql {"dbFile":"/var/www/html/dump/data-1-object_store_41.sql"} []
[2019-03-21 09:01:17] app.INFO: Importing DB file /var/www/html/dump/data-1-object_store_7.sql {"dbFile":"/var/www/html/dump/data-1-object_store_7.sql"} []
[2019-03-21 09:01:17] app.INFO: Importing DB file /var/www/html/dump/data-1-object_store_8.sql {"dbFile":"/var/www/html/dump/data-1-object_store_8.sql"} []
[2019-03-21 09:01:18] app.INFO: Importing DB file /var/www/html/dump/data-1-object_store_9.sql {"dbFile":"/var/www/html/dump/data-1-object_store_9.sql"} []
[2019-03-21 09:01:19] app.INFO: Importing DB file /var/www/html/dump/data-1-objects.sql {"dbFile":"/var/www/html/dump/data-1-objects.sql"} []
[2019-03-21 09:02:19] app.INFO: Importing DB file /var/www/html/dump/data-1-pimcore_migrations.sql {"dbFile":"/var/www/html/dump/data-1-pimcore_migrations.sql"} []
[2019-03-21 09:02:19] app.INFO: Importing DB file /var/www/html/dump/data-1-plugin_cmf_actiontrigger_actions.sql {"dbFile":"/var/www/html/dump/data-1-plugin_cmf_actiontrigger_actions.sql"} []
[2019-03-21 09:02:19] app.INFO: Importing DB file /var/www/html/dump/data-1-plugin_cmf_actiontrigger_queue.sql {"dbFile":"/var/www/html/dump/data-1-plugin_cmf_actiontrigger_queue.sql"} []
[2019-03-21 09:02:19] app.INFO: Importing DB file /var/www/html/dump/data-1-plugin_cmf_actiontrigger_rules.sql {"dbFile":"/var/www/html/dump/data-1-plugin_cmf_actiontrigger_rules.sql"} []
[2019-03-21 09:02:19] app.INFO: Importing DB file /var/www/html/dump/data-1-plugin_cmf_activities.sql {"dbFile":"/var/www/html/dump/data-1-plugin_cmf_activities.sql"} []
[2019-03-21 09:02:19] app.INFO: Importing DB file /var/www/html/dump/data-1-plugin_cmf_customer_filter_definition.sql {"dbFile":"/var/www/html/dump/data-1-plugin_cmf_customer_filter_definition.sql"} []
[2019-03-21 09:02:19] app.INFO: Importing DB file /var/www/html/dump/data-1-plugin_cmf_deletions.sql {"dbFile":"/var/www/html/dump/data-1-plugin_cmf_deletions.sql"} []
[2019-03-21 09:02:20] app.INFO: Importing DB file /var/www/html/dump/data-1-plugin_cmf_duplicates_false_positives.sql {"dbFile":"/var/www/html/dump/data-1-plugin_cmf_duplicates_false_positives.sql"} []
[2019-03-21 09:02:20] app.INFO: Importing DB file /var/www/html/dump/data-1-plugin_cmf_duplicatesindex.sql {"dbFile":"/var/www/html/dump/data-1-plugin_cmf_duplicatesindex.sql"} []
[2019-03-21 09:02:20] app.INFO: Importing DB file /var/www/html/dump/data-1-plugin_cmf_duplicatesindex_customers.sql {"dbFile":"/var/www/html/dump/data-1-plugin_cmf_duplicatesindex_customers.sql"} []
[2019-03-21 09:02:20] app.INFO: Importing DB file /var/www/html/dump/data-1-plugin_cmf_newsletter_queue.sql {"dbFile":"/var/www/html/dump/data-1-plugin_cmf_newsletter_queue.sql"} []
[2019-03-21 09:02:20] app.INFO: Importing DB file /var/www/html/dump/data-1-plugin_cmf_potential_duplicates.sql {"dbFile":"/var/www/html/dump/data-1-plugin_cmf_potential_duplicates.sql"} []
[2019-03-21 09:02:20] app.INFO: Importing DB file /var/www/html/dump/data-1-plugin_cmf_segment_assignment.sql {"dbFile":"/var/www/html/dump/data-1-plugin_cmf_segment_assignment.sql"} []
[2019-03-21 09:02:20] app.INFO: Importing DB file /var/www/html/dump/data-1-plugin_cmf_segment_assignment_index.sql {"dbFile":"/var/www/html/dump/data-1-plugin_cmf_segment_assignment_index.sql"} []
[2019-03-21 09:02:20] app.INFO: Importing DB file /var/www/html/dump/data-1-plugin_cmf_segment_assignment_queue.sql {"dbFile":"/var/www/html/dump/data-1-plugin_cmf_segment_assignment_queue.sql"} []
[2019-03-21 09:02:20] app.INFO: Importing DB file /var/www/html/dump/data-1-plugin_cmf_segmentbuilder_changes_queue.sql {"dbFile":"/var/www/html/dump/data-1-plugin_cmf_segmentbuilder_changes_queue.sql"} []
[2019-03-21 09:02:20] app.INFO: Importing DB file /var/www/html/dump/data-1-plugin_cmf_sequence_numbers.sql {"dbFile":"/var/www/html/dump/data-1-plugin_cmf_sequence_numbers.sql"} []
[2019-03-21 09:02:20] app.INFO: Importing DB file /var/www/html/dump/data-1-properties.sql {"dbFile":"/var/www/html/dump/data-1-properties.sql"} []
[2019-03-21 09:02:21] app.INFO: Importing DB file /var/www/html/dump/data-1-quantityvalue_units.sql {"dbFile":"/var/www/html/dump/data-1-quantityvalue_units.sql"} []
[2019-03-21 09:02:21] app.INFO: Importing DB file /var/www/html/dump/data-1-recyclebin.sql {"dbFile":"/var/www/html/dump/data-1-recyclebin.sql"} []
[2019-03-21 09:02:21] app.INFO: Importing DB file /var/www/html/dump/data-1-redirects.sql {"dbFile":"/var/www/html/dump/data-1-redirects.sql"} []
[2019-03-21 09:02:21] app.INFO: Importing DB file /var/www/html/dump/data-1-sanitycheck.sql {"dbFile":"/var/www/html/dump/data-1-sanitycheck.sql"} []
[2019-03-21 09:02:22] app.INFO: Importing DB file /var/www/html/dump/data-1-schedule_tasks.sql {"dbFile":"/var/www/html/dump/data-1-schedule_tasks.sql"} []
[2019-03-21 09:02:22] app.INFO: Importing DB file /var/www/html/dump/data-1-search_backend_data.sql {"dbFile":"/var/www/html/dump/data-1-search_backend_data.sql"} []
[2019-03-21 09:03:38] app.INFO: Importing DB file /var/www/html/dump/data-1-sites.sql {"dbFile":"/var/www/html/dump/data-1-sites.sql"} []
[2019-03-21 09:03:38] app.INFO: Importing DB file /var/www/html/dump/data-1-tags.sql {"dbFile":"/var/www/html/dump/data-1-tags.sql"} []
[2019-03-21 09:03:38] app.INFO: Importing DB file /var/www/html/dump/data-1-tags_assignment.sql {"dbFile":"/var/www/html/dump/data-1-tags_assignment.sql"} []
[2019-03-21 09:03:38] app.INFO: Importing DB file /var/www/html/dump/data-1-targeting_rules.sql {"dbFile":"/var/www/html/dump/data-1-targeting_rules.sql"} []
[2019-03-21 09:03:38] app.INFO: Importing DB file /var/www/html/dump/data-1-targeting_target_groups.sql {"dbFile":"/var/www/html/dump/data-1-targeting_target_groups.sql"} []
[2019-03-21 09:03:38] app.INFO: Importing DB file /var/www/html/dump/data-1-translations_admin.sql {"dbFile":"/var/www/html/dump/data-1-translations_admin.sql"} []
[2019-03-21 09:06:26] app.INFO: Importing DB file /var/www/html/dump/data-1-translations_website.sql {"dbFile":"/var/www/html/dump/data-1-translations_website.sql"} []
[2019-03-21 09:06:43] app.INFO: Importing DB file /var/www/html/dump/data-1-tree_locks.sql {"dbFile":"/var/www/html/dump/data-1-tree_locks.sql"} []
[2019-03-21 09:06:43] app.INFO: Importing DB file /var/www/html/dump/data-1-users.sql {"dbFile":"/var/www/html/dump/data-1-users.sql"} []
[2019-03-21 09:06:43] app.INFO: Importing DB file /var/www/html/dump/data-1-users_permission_definitions.sql {"dbFile":"/var/www/html/dump/data-1-users_permission_definitions.sql"} []
[2019-03-21 09:06:43] app.INFO: Importing DB file /var/www/html/dump/data-1-users_workspaces_asset.sql {"dbFile":"/var/www/html/dump/data-1-users_workspaces_asset.sql"} []
[2019-03-21 09:06:43] app.INFO: Importing DB file /var/www/html/dump/data-1-users_workspaces_document.sql {"dbFile":"/var/www/html/dump/data-1-users_workspaces_document.sql"} []
[2019-03-21 09:06:43] app.INFO: Importing DB file /var/www/html/dump/data-1-users_workspaces_object.sql {"dbFile":"/var/www/html/dump/data-1-users_workspaces_object.sql"} []
[2019-03-21 09:06:43] app.INFO: Importing DB file /var/www/html/dump/data-1-uuids.sql {"dbFile":"/var/www/html/dump/data-1-uuids.sql"} []
[2019-03-21 09:06:45] app.INFO: Importing DB file /var/www/html/dump/data-2-views.sql {"dbFile":"/var/www/html/dump/data-2-views.sql"} []
[2019-03-21 09:06:45] app.INFO: Importing DB file /var/www/html/dump/storedFunctionAsset.sql {"dbFile":"/var/www/html/dump/storedFunctionAsset.sql"} []
[2019-03-21 09:06:45] app.INFO: Importing DB file /var/www/html/dump/storedFunctionDocument.sql {"dbFile":"/var/www/html/dump/storedFunctionDocument.sql"} []
[2019-03-21 09:06:45] app.INFO: Importing DB file /var/www/html/dump/storedFunctionObject.sql {"dbFile":"/var/www/html/dump/storedFunctionObject.sql"} []
[2019-03-21 09:06:46] app.INFO: Running assets:install command {"command":"assets:install"} []
[2019-03-21 09:06:46] app.INFO: Running assets:install command {"command":"assets:install"} []
[2019-03-21 09:06:52] php.DEBUG: Notice: Only variables should be passed by reference {"exception":"[object] (Symfony\\Component\\Debug\\Exception\\SilencedErrorContext: {\"severity\":8,\"file\":\"/var/www/html/vendor/pimcore/pimcore/bundles/InstallBundle/Installer.php\",\"line\":381,\"trace\":[{\"file\":\"/var/www/html/vendor/pimcore/pimcore/bundles/InstallBundle/Installer.php\",\"line\":366,\"function\":\"markMigrationsAsDone\",\"class\":\"Pimcore\\\\Bundle\\\\InstallBundle\\\\Installer\",\"type\":\"->\"},{\"file\":\"/var/www/html/vendor/pimcore/pimcore/bundles/InstallBundle/Installer.php\",\"line\":275,\"function\":\"runInstall\",\"class\":\"Pimcore\\\\Bundle\\\\InstallBundle\\\\Installer\",\"type\":\"->\"}],\"count\":1})"} []
